<?xml version="1.0" encoding="UTF-8"?>
<testsuite name="LightSaberTest" tests="5" skipped="0" failures="0" errors="0" timestamp="2020-08-05T21:36:37" hostname="MacBook-Pro.local" time="0.014">
  <properties/>
  <testcase name="reChargeFunctionCheck()" classname="LightSaberTest" time="0.01"/>
  <testcase name="lightSaberUsed()" classname="LightSaberTest" time="0.0"/>
  <testcase name="hasCharge()" classname="LightSaberTest" time="0.0"/>
  <testcase name="hasColor()" classname="LightSaberTest" time="0.001"/>
  <testcase name="hasSerialNumber()" classname="LightSaberTest" time="0.0"/>
  <system-out><![CDATA[]]></system-out>
  <system-err><![CDATA[]]></system-err>
</testsuite>
